05-Jan-2022 07:04:37.361 INFO [main] org.apache.catalina.startup.VersionLoggerListener.log Server version name:   Apache Tomcat/9.0.56
05-Jan-2022 07:04:37.364 INFO [main] org.apache.catalina.startup.VersionLoggerListener.log Server built:          Dec 2 2021 14:30:07 UTC
05-Jan-2022 07:04:37.364 INFO [main] org.apache.catalina.startup.VersionLoggerListener.log Server version number: 9.0.56.0
05-Jan-2022 07:04:37.364 INFO [main] org.apache.catalina.startup.VersionLoggerListener.log OS Name:               Linux
05-Jan-2022 07:04:37.364 INFO [main] org.apache.catalina.startup.VersionLoggerListener.log OS Version:            5.10.75-79.358.amzn2.x86_64
05-Jan-2022 07:04:37.364 INFO [main] org.apache.catalina.startup.VersionLoggerListener.log Architecture:          amd64
05-Jan-2022 07:04:37.364 INFO [main] org.apache.catalina.startup.VersionLoggerListener.log Java Home:             /usr/lib/jvm/java-11-openjdk-11.0.13.0.8-1.amzn2.0.3.x86_64
05-Jan-2022 07:04:37.365 INFO [main] org.apache.catalina.startup.VersionLoggerListener.log JVM Version:           11.0.13+8-LTS
05-Jan-2022 07:04:37.365 INFO [main] org.apache.catalina.startup.VersionLoggerListener.log JVM Vendor:            Red Hat, Inc.
05-Jan-2022 07:04:37.365 INFO [main] org.apache.catalina.startup.VersionLoggerListener.log CATALINA_BASE:         /root/galaxy/apache-tomcat-9.0.56
05-Jan-2022 07:04:37.365 INFO [main] org.apache.catalina.startup.VersionLoggerListener.log CATALINA_HOME:         /root/galaxy/apache-tomcat-9.0.56
05-Jan-2022 07:04:37.381 INFO [main] org.apache.catalina.startup.VersionLoggerListener.log Command line argument: --add-opens=java.base/java.lang=ALL-UNNAMED
05-Jan-2022 07:04:37.381 INFO [main] org.apache.catalina.startup.VersionLoggerListener.log Command line argument: --add-opens=java.base/java.io=ALL-UNNAMED
05-Jan-2022 07:04:37.382 INFO [main] org.apache.catalina.startup.VersionLoggerListener.log Command line argument: --add-opens=java.base/java.util=ALL-UNNAMED
05-Jan-2022 07:04:37.382 INFO [main] org.apache.catalina.startup.VersionLoggerListener.log Command line argument: --add-opens=java.base/java.util.concurrent=ALL-UNNAMED
05-Jan-2022 07:04:37.382 INFO [main] org.apache.catalina.startup.VersionLoggerListener.log Command line argument: --add-opens=java.rmi/sun.rmi.transport=ALL-UNNAMED
05-Jan-2022 07:04:37.382 INFO [main] org.apache.catalina.startup.VersionLoggerListener.log Command line argument: -Djava.util.logging.config.file=/root/galaxy/apache-tomcat-9.0.56/conf/logging.properties
05-Jan-2022 07:04:37.382 INFO [main] org.apache.catalina.startup.VersionLoggerListener.log Command line argument: -Djava.util.logging.manager=org.apache.juli.ClassLoaderLogManager
05-Jan-2022 07:04:37.382 INFO [main] org.apache.catalina.startup.VersionLoggerListener.log Command line argument: -Djdk.tls.ephemeralDHKeySize=2048
05-Jan-2022 07:04:37.382 INFO [main] org.apache.catalina.startup.VersionLoggerListener.log Command line argument: -Djava.protocol.handler.pkgs=org.apache.catalina.webresources
05-Jan-2022 07:04:37.382 INFO [main] org.apache.catalina.startup.VersionLoggerListener.log Command line argument: -Dorg.apache.catalina.security.SecurityListener.UMASK=0027
05-Jan-2022 07:04:37.383 INFO [main] org.apache.catalina.startup.VersionLoggerListener.log Command line argument: -Dignore.endorsed.dirs=
05-Jan-2022 07:04:37.383 INFO [main] org.apache.catalina.startup.VersionLoggerListener.log Command line argument: -Dcatalina.base=/root/galaxy/apache-tomcat-9.0.56
05-Jan-2022 07:04:37.383 INFO [main] org.apache.catalina.startup.VersionLoggerListener.log Command line argument: -Dcatalina.home=/root/galaxy/apache-tomcat-9.0.56
05-Jan-2022 07:04:37.383 INFO [main] org.apache.catalina.startup.VersionLoggerListener.log Command line argument: -Djava.io.tmpdir=/root/galaxy/apache-tomcat-9.0.56/temp
05-Jan-2022 07:04:37.384 INFO [main] org.apache.catalina.core.AprLifecycleListener.lifecycleEvent The Apache Tomcat Native library which allows using OpenSSL was not found on the java.library.path: [/usr/java/packages/lib:/usr/lib64:/lib64:/lib:/usr/lib]
05-Jan-2022 07:04:37.825 INFO [main] org.apache.coyote.AbstractProtocol.init Initializing ProtocolHandler ["http-nio-9090"]
05-Jan-2022 07:04:37.877 INFO [main] org.apache.catalina.startup.Catalina.load Server initialization in [807] milliseconds
05-Jan-2022 07:04:38.047 INFO [main] org.apache.catalina.core.StandardService.startInternal Starting service [Catalina]
05-Jan-2022 07:04:38.047 INFO [main] org.apache.catalina.core.StandardEngine.startInternal Starting Servlet engine: [Apache Tomcat/9.0.56]
05-Jan-2022 07:04:38.067 INFO [main] org.apache.catalina.startup.HostConfig.deployDirectory Deploying web application directory [/root/galaxy/apache-tomcat-9.0.56/webapps/ROOT]
05-Jan-2022 07:04:38.495 INFO [main] org.apache.catalina.startup.HostConfig.deployDirectory Deployment of web application directory [/root/galaxy/apache-tomcat-9.0.56/webapps/ROOT] has finished in [428] ms
05-Jan-2022 07:04:38.496 INFO [main] org.apache.catalina.startup.HostConfig.deployDirectory Deploying web application directory [/root/galaxy/apache-tomcat-9.0.56/webapps/docs]
05-Jan-2022 07:04:38.534 INFO [main] org.apache.catalina.startup.HostConfig.deployDirectory Deployment of web application directory [/root/galaxy/apache-tomcat-9.0.56/webapps/docs] has finished in [38] ms
05-Jan-2022 07:04:38.534 INFO [main] org.apache.catalina.startup.HostConfig.deployDirectory Deploying web application directory [/root/galaxy/apache-tomcat-9.0.56/webapps/examples]
05-Jan-2022 07:04:38.902 INFO [main] org.apache.catalina.startup.HostConfig.deployDirectory Deployment of web application directory [/root/galaxy/apache-tomcat-9.0.56/webapps/examples] has finished in [368] ms
05-Jan-2022 07:04:38.902 INFO [main] org.apache.catalina.startup.HostConfig.deployDirectory Deploying web application directory [/root/galaxy/apache-tomcat-9.0.56/webapps/host-manager]
05-Jan-2022 07:04:38.936 INFO [main] org.apache.catalina.startup.HostConfig.deployDirectory Deployment of web application directory [/root/galaxy/apache-tomcat-9.0.56/webapps/host-manager] has finished in [34] ms
05-Jan-2022 07:04:38.937 INFO [main] org.apache.catalina.startup.HostConfig.deployDirectory Deploying web application directory [/root/galaxy/apache-tomcat-9.0.56/webapps/manager]
05-Jan-2022 07:04:38.972 INFO [main] org.apache.catalina.startup.HostConfig.deployDirectory Deployment of web application directory [/root/galaxy/apache-tomcat-9.0.56/webapps/manager] has finished in [35] ms
05-Jan-2022 07:04:38.977 INFO [main] org.apache.coyote.AbstractProtocol.start Starting ProtocolHandler ["http-nio-9090"]
05-Jan-2022 07:04:38.992 INFO [main] org.apache.catalina.startup.Catalina.start Server startup in [1114] milliseconds
